[NX Daemon Server] - 2023-11-14T18:10:21.367Z - Started listening on: /tmp/6b86adce46b2ea9ea989/d.sock
[NX Daemon Server] - 2023-11-14T18:10:21.372Z - [WATCHER]: Subscribed to changes within: /home/wuzy/angular (native)
[NX Daemon Server] - 2023-11-14T18:10:21.373Z - Established a connection. Number of open connections: 1
[NX Daemon Server] - 2023-11-14T18:10:21.374Z - Established a connection. Number of open connections: 2
[NX Daemon Server] - 2023-11-14T18:10:21.376Z - [REQUEST]: Client Request for Project Graph Received
[NX Daemon Server] - 2023-11-14T18:10:21.408Z - [REQUEST]: Updated file-hasher based on watched changes, recomputing project graph...
[NX Daemon Server] - 2023-11-14T18:10:21.408Z - [REQUEST]: 
[NX Daemon Server] - 2023-11-14T18:10:21.408Z - [REQUEST]: 
[NX Daemon Server] - 2023-11-14T18:10:21.757Z - [REQUEST]: Responding to the client. project-graph
[NX Daemon Server] - 2023-11-14T18:10:21.759Z - Time taken for 'total for creating and serializing project graph' 380.8114209994674ms
[NX Daemon Server] - 2023-11-14T18:10:21.759Z - Closed a connection. Number of open connections: 1
[NX Daemon Server] - 2023-11-14T18:10:21.761Z - Done responding to the client project-graph
[NX Daemon Server] - 2023-11-14T18:10:21.762Z - Handled REQUEST_PROJECT_GRAPH. Handling time: 381. Response time: 5.
[NX Daemon Server] - 2023-11-14T18:10:21.853Z - [REQUEST]: Responding to the client. handleHashTasks
[NX Daemon Server] - 2023-11-14T18:10:21.854Z - Done responding to the client handleHashTasks
[NX Daemon Server] - 2023-11-14T18:10:21.854Z - Handled HASH_TASKS. Handling time: 48. Response time: 1.
[NX Daemon Server] - 2023-11-14T18:10:22.775Z - Established a connection. Number of open connections: 2
[NX Daemon Server] - 2023-11-14T18:10:22.776Z - Closed a connection. Number of open connections: 1
[NX Daemon Server] - 2023-11-14T18:10:22.776Z - Established a connection. Number of open connections: 2
[NX Daemon Server] - 2023-11-14T18:10:22.778Z - [REQUEST]: Client Request for Project Graph Received
[NX Daemon Server] - 2023-11-14T18:10:22.778Z - [REQUEST]: Responding to the client. project-graph
[NX Daemon Server] - 2023-11-14T18:10:22.779Z - Time taken for 'total for creating and serializing project graph' 0.3189979996532202ms
[NX Daemon Server] - 2023-11-14T18:10:22.781Z - Done responding to the client project-graph
[NX Daemon Server] - 2023-11-14T18:10:22.781Z - Handled REQUEST_PROJECT_GRAPH. Handling time: 0. Response time: 3.
[NX Daemon Server] - 2023-11-14T18:10:36.592Z - [WATCHER]: Processing file changes in outputs
[NX Daemon Server] - 2023-11-14T18:10:39.523Z - [WATCHER]: Processing file changes in outputs
[NX Daemon Server] - 2023-11-14T18:10:44.111Z - [WATCHER]: Processing file changes in outputs
[NX Daemon Server] - 2023-11-14T18:10:58.956Z - Closed a connection. Number of open connections: 1
[NX Daemon Server] - 2023-11-14T18:10:59.034Z - Closed a connection. Number of open connections: 0
[NX Daemon Server] - 2023-11-14T18:11:05.624Z - Established a connection. Number of open connections: 1
[NX Daemon Server] - 2023-11-14T18:11:05.627Z - Closed a connection. Number of open connections: 0
[NX Daemon Server] - 2023-11-14T18:11:05.627Z - Established a connection. Number of open connections: 1
[NX Daemon Server] - 2023-11-14T18:11:05.630Z - [REQUEST]: Client Request for Project Graph Received
[NX Daemon Server] - 2023-11-14T18:11:05.630Z - [REQUEST]: Responding to the client. project-graph
[NX Daemon Server] - 2023-11-14T18:11:05.632Z - Time taken for 'total for creating and serializing project graph' 0.23049900121986866ms
[NX Daemon Server] - 2023-11-14T18:11:05.634Z - Done responding to the client project-graph
[NX Daemon Server] - 2023-11-14T18:11:05.634Z - Handled REQUEST_PROJECT_GRAPH. Handling time: 1. Response time: 4.
[NX Daemon Server] - 2023-11-14T18:11:05.690Z - [REQUEST]: Responding to the client. handleHashTasks
[NX Daemon Server] - 2023-11-14T18:11:05.691Z - Done responding to the client handleHashTasks
[NX Daemon Server] - 2023-11-14T18:11:05.691Z - Handled HASH_TASKS. Handling time: 22. Response time: 1.
[NX Daemon Server] - 2023-11-14T18:11:06.453Z - Established a connection. Number of open connections: 2
[NX Daemon Server] - 2023-11-14T18:11:06.453Z - Closed a connection. Number of open connections: 1
[NX Daemon Server] - 2023-11-14T18:11:06.454Z - Established a connection. Number of open connections: 2
[NX Daemon Server] - 2023-11-14T18:11:06.455Z - [REQUEST]: Client Request for Project Graph Received
[NX Daemon Server] - 2023-11-14T18:11:06.455Z - [REQUEST]: Responding to the client. project-graph
[NX Daemon Server] - 2023-11-14T18:11:06.458Z - Time taken for 'total for creating and serializing project graph' 0.2076990008354187ms
[NX Daemon Server] - 2023-11-14T18:11:06.459Z - Done responding to the client project-graph
[NX Daemon Server] - 2023-11-14T18:11:06.459Z - Handled REQUEST_PROJECT_GRAPH. Handling time: 0. Response time: 4.
[NX Daemon Server] - 2023-11-14T18:11:19.886Z - [WATCHER]: Processing file changes in outputs
[NX Daemon Server] - 2023-11-14T18:11:27.465Z - [WATCHER]: Processing file changes in outputs
[NX Daemon Server] - 2023-11-14T18:11:27.521Z - [WATCHER]: Processing file changes in outputs
[NX Daemon Server] - 2023-11-14T18:11:27.565Z - Closed a connection. Number of open connections: 1
[NX Daemon Server] - 2023-11-14T18:11:27.580Z - [REQUEST]: Responding to the client. recordOutputsHash
[NX Daemon Server] - 2023-11-14T18:11:27.581Z - Done responding to the client recordOutputsHash
[NX Daemon Server] - 2023-11-14T18:11:27.581Z - Handled RECORD_OUTPUTS_HASH. Handling time: 13. Response time: 1.
[NX Daemon Server] - 2023-11-14T18:11:27.581Z - [WATCHER]: Processing file changes in outputs
[NX Daemon Server] - 2023-11-14T18:11:27.847Z - [REQUEST]: Responding to the client. PROCESS_IN_BACKGROUND
[NX Daemon Server] - 2023-11-14T18:11:27.847Z - Done responding to the client PROCESS_IN_BACKGROUND
[NX Daemon Server] - 2023-11-14T18:11:27.847Z - Handled PROCESS_IN_BACKGROUND. Handling time: 63. Response time: 0.
[NX Daemon Server] - 2023-11-14T18:11:27.848Z - Uploading file artifacts
[NX Daemon Server] - 2023-11-14T18:11:27.855Z - Closed a connection. Number of open connections: 0
[NX Daemon Server] - 2023-11-14T18:11:29.713Z - Done uploading file artifacts
[NX Daemon Server] - 2023-11-14T18:11:29.713Z - Sending EndRun request
[NX Daemon Server] - 2023-11-14T18:11:29.948Z - Done sending EndRun request
[NX Daemon Server] - 2023-11-14T18:13:10.980Z - Established a connection. Number of open connections: 1
[NX Daemon Server] - 2023-11-14T18:13:10.981Z - Closed a connection. Number of open connections: 0
[NX Daemon Server] - 2023-11-14T18:13:10.982Z - Established a connection. Number of open connections: 1
[NX Daemon Server] - 2023-11-14T18:13:10.984Z - [REQUEST]: Client Request for Project Graph Received
[NX Daemon Server] - 2023-11-14T18:13:10.985Z - [REQUEST]: Responding to the client. project-graph
[NX Daemon Server] - 2023-11-14T18:13:10.987Z - Time taken for 'total for creating and serializing project graph' 0.2442989982664585ms
[NX Daemon Server] - 2023-11-14T18:13:10.989Z - Done responding to the client project-graph
[NX Daemon Server] - 2023-11-14T18:13:10.989Z - Handled REQUEST_PROJECT_GRAPH. Handling time: 1. Response time: 4.
[NX Daemon Server] - 2023-11-14T18:13:11.025Z - [REQUEST]: Responding to the client. handleHashTasks
[NX Daemon Server] - 2023-11-14T18:13:11.025Z - Done responding to the client handleHashTasks
[NX Daemon Server] - 2023-11-14T18:13:11.026Z - Handled HASH_TASKS. Handling time: 3. Response time: 1.
[NX Daemon Server] - 2023-11-14T18:13:11.092Z - [REQUEST]: Responding to the client. outputsHashesMatch
[NX Daemon Server] - 2023-11-14T18:13:11.092Z - Done responding to the client outputsHashesMatch
[NX Daemon Server] - 2023-11-14T18:13:11.092Z - Handled OUTPUTS_HASHES_MATCH. Handling time: 14. Response time: 0.
[NX Daemon Server] - 2023-11-14T18:13:11.110Z - [REQUEST]: Responding to the client. recordOutputsHash
[NX Daemon Server] - 2023-11-14T18:13:11.111Z - Done responding to the client recordOutputsHash
[NX Daemon Server] - 2023-11-14T18:13:11.111Z - Handled RECORD_OUTPUTS_HASH. Handling time: 15. Response time: 1.
[NX Daemon Server] - 2023-11-14T18:13:11.137Z - [REQUEST]: Responding to the client. PROCESS_IN_BACKGROUND
[NX Daemon Server] - 2023-11-14T18:13:11.137Z - Done responding to the client PROCESS_IN_BACKGROUND
[NX Daemon Server] - 2023-11-14T18:13:11.137Z - Handled PROCESS_IN_BACKGROUND. Handling time: 8. Response time: 0.
[NX Daemon Server] - 2023-11-14T18:13:11.137Z - Uploading file artifacts
[NX Daemon Server] - 2023-11-14T18:13:11.137Z - Done uploading file artifacts
[NX Daemon Server] - 2023-11-14T18:13:11.138Z - Sending EndRun request
[NX Daemon Server] - 2023-11-14T18:13:11.144Z - Closed a connection. Number of open connections: 0
[NX Daemon Server] - 2023-11-14T18:13:11.404Z - Done sending EndRun request
[NX Daemon Server] - 2023-11-14T18:13:15.493Z - [WATCHER]: Processing file changes in outputs
[NX Daemon Server] - 2023-11-14T18:13:15.494Z - [WATCHER]: _tmp_41111_28313a81881fd48fb20061f656789d5a was deleted
[NX Daemon Server] - 2023-11-14T18:13:15.610Z - [REQUEST]: Updated file-hasher based on watched changes, recomputing project graph...
[NX Daemon Server] - 2023-11-14T18:13:15.610Z - [REQUEST]: 
[NX Daemon Server] - 2023-11-14T18:13:15.610Z - [REQUEST]: _tmp_41111_28313a81881fd48fb20061f656789d5a
[NX Daemon Server] - 2023-11-14T18:13:15.672Z - Time taken for 'hash changed files from watcher' 0.49839700013399124ms
[NX Daemon Server] - 2023-11-14T18:13:19.409Z - [WATCHER]: Processing file changes in outputs
